<?xml version="1.0" encoding="UTF-8"?>
<!-- Generated by org.testng.reporters.JUnitXMLReporter -->
<testsuite hostname="Ariel-PC" name="Customer Portal Login Test" tests="1" failures="0" timestamp="27 Nov 2019 06:00:33 GMT" time="25.694" errors="0">
  <testcase name="@BeforeTest beforeTest" time="0.0" classname="tests.Test1">
    <failure type="org.openqa.selenium.SessionNotCreatedException" message="session not created: This version of ChromeDriver only supports Chrome version 79
Build info: version: &amp;apos;3.5.3&amp;apos;, revision: &amp;apos;a88d25fe6b&amp;apos;, time: &amp;apos;2017-08-29T12:42:44.417Z&amp;apos;
System info: host: &amp;apos;ARIEL-PC&amp;apos;, ip: &amp;apos;192.168.0.3&amp;apos;, os.name: &amp;apos;Windows 7&amp;apos;, os.arch: &amp;apos;amd64&amp;apos;, os.version: &amp;apos;6.1&amp;apos;, java.version: &amp;apos;1.8.0_111&amp;apos;
Driver info: driver.version: ChromeDriver
remote stacktrace: Backtrace:
	Ordinal0 [0x001FA113+1548563]
	Ordinal0 [0x0017DDA1+1039777]
	Ordinal0 [0x000FE485+517253]
	Ordinal0 [0x0008FD34+64820]
	Ordinal0 [0x0008C61E+50718]
	Ordinal0 [0x000AB797+178071]
	Ordinal0 [0x000AB59D+177565]
	Ordinal0 [0x000A95FB+169467]
	Ordinal0 [0x0009160A+71178]
	Ordinal0 [0x00092690+75408]
	Ordinal0 [0x00092629+75305]
	Ordinal0 [0x001971B7+1143223]
	GetHandleVerifier [0x00292B46+507814]
	GetHandleVerifier [0x00292864+507076]
	GetHandleVerifier [0x00299F47+537511]
	GetHandleVerifier [0x00293402+510050]
	Ordinal0 [0x0018F29C+1110684]
	Ordinal0 [0x0019938B+1151883]
	Ordinal0 [0x001994F3+1152243]
	Ordinal0 [0x001983F5+1147893]
	BaseThreadInitThunk [0x75A0343D+18]
	RtlInitializeExceptionChain [0x77959812+99]
	RtlInitializeExceptionChain [0x779597E5+54]
">
      <![CDATA[org.openqa.selenium.SessionNotCreatedException: session not created: This version of ChromeDriver only supports Chrome version 79
Build info: version: '3.5.3', revision: 'a88d25fe6b', time: '2017-08-29T12:42:44.417Z'
System info: host: 'ARIEL-PC', ip: '192.168.0.3', os.name: 'Windows 7', os.arch: 'amd64', os.version: '6.1', java.version: '1.8.0_111'
Driver info: driver.version: ChromeDriver
remote stacktrace: Backtrace:
	Ordinal0 [0x001FA113+1548563]
	Ordinal0 [0x0017DDA1+1039777]
	Ordinal0 [0x000FE485+517253]
	Ordinal0 [0x0008FD34+64820]
	Ordinal0 [0x0008C61E+50718]
	Ordinal0 [0x000AB797+178071]
	Ordinal0 [0x000AB59D+177565]
	Ordinal0 [0x000A95FB+169467]
	Ordinal0 [0x0009160A+71178]
	Ordinal0 [0x00092690+75408]
	Ordinal0 [0x00092629+75305]
	Ordinal0 [0x001971B7+1143223]
	GetHandleVerifier [0x00292B46+507814]
	GetHandleVerifier [0x00292864+507076]
	GetHandleVerifier [0x00299F47+537511]
	GetHandleVerifier [0x00293402+510050]
	Ordinal0 [0x0018F29C+1110684]
	Ordinal0 [0x0019938B+1151883]
	Ordinal0 [0x001994F3+1152243]
	Ordinal0 [0x001983F5+1147893]
	BaseThreadInitThunk [0x75A0343D+18]
	RtlInitializeExceptionChain [0x77959812+99]
	RtlInitializeExceptionChain [0x779597E5+54]

	at org.openqa.selenium.remote.W3CHandshakeResponse.lambda$new$0(W3CHandshakeResponse.java:57)
	at org.openqa.selenium.remote.W3CHandshakeResponse.lambda$getResponseFunction$2(W3CHandshakeResponse.java:104)
	at org.openqa.selenium.remote.ProtocolHandshake.lambda$createSession$24(ProtocolHandshake.java:359)
	at java.util.stream.ReferencePipeline$3$1.accept(Unknown Source)
	at java.util.Spliterators$ArraySpliterator.tryAdvance(Unknown Source)
	at java.util.stream.ReferencePipeline.forEachWithCancel(Unknown Source)
	at java.util.stream.AbstractPipeline.copyIntoWithCancel(Unknown Source)
	at java.util.stream.AbstractPipeline.copyInto(Unknown Source)
	at java.util.stream.AbstractPipeline.wrapAndCopyInto(Unknown Source)
	at java.util.stream.FindOps$FindOp.evaluateSequential(Unknown Source)
	at java.util.stream.AbstractPipeline.evaluate(Unknown Source)
	at java.util.stream.ReferencePipeline.findFirst(Unknown Source)
	at org.openqa.selenium.remote.ProtocolHandshake.createSession(ProtocolHandshake.java:362)
	at org.openqa.selenium.remote.ProtocolHandshake.createSession(ProtocolHandshake.java:136)
	at org.openqa.selenium.remote.HttpCommandExecutor.execute(HttpCommandExecutor.java:142)
	at org.openqa.selenium.remote.service.DriverCommandExecutor.execute(DriverCommandExecutor.java:82)
	at org.openqa.selenium.remote.RemoteWebDriver.execute(RemoteWebDriver.java:646)
	at org.openqa.selenium.remote.RemoteWebDriver.startSession(RemoteWebDriver.java:255)
	at org.openqa.selenium.remote.RemoteWebDriver.startSession(RemoteWebDriver.java:237)
	at org.openqa.selenium.remote.RemoteWebDriver.<init>(RemoteWebDriver.java:138)
	at org.openqa.selenium.chrome.ChromeDriver.<init>(ChromeDriver.java:178)
	at org.openqa.selenium.chrome.ChromeDriver.<init>(ChromeDriver.java:167)
	at org.openqa.selenium.chrome.ChromeDriver.<init>(ChromeDriver.java:124)
	at generic.BasePage.chromeDriverConnection(BasePage.java:21)
	at tests.Test1.beforeTest(Test1.java:19)
... Removed 26 stack frames]]>
    </failure>
  </testcase> <!-- @BeforeTest beforeTest -->
  <testcase name="@AfterTest afterTest" time="0.0" classname="tests.Test1">
    <skipped/>
  </testcase> <!-- @AfterTest afterTest -->
  <testcase name="f" time="0.003" classname="tests.Test1">
    <skipped/>
  </testcase> <!-- f -->
</testsuite> <!-- Customer Portal Login Test -->
